<?xml version="1.0" encoding="UTF-8"?>
<!-- Generated by org.testng.reporters.JUnitXMLReporter -->
<testsuite ignored="0" hostname="DESKTOP-36S26JO" failures="0" tests="2" name="Command line test" time="0.218" errors="0" timestamp="2022-11-28T16:31:10 IST">
  <testcase classname="utils.BaseTest" name="@BeforeMethod beforeMethodTest" time="-1.669633270281E9">
    <failure type="org.testng.TestNGException" message="
Parameter &amp;apos;browserName&amp;apos; is required by BeforeMethod on method beforeMethodTest but has not been marked @Optional or defined
">
      <![CDATA[org.testng.TestNGException: 
Parameter 'browserName' is required by BeforeMethod on method beforeMethodTest but has not been marked @Optional or defined

at java.base/java.util.ArrayList.forEach(ArrayList.java:1541)
... Removed 37 stack frames]]>
    </failure>
  </testcase> <!-- @BeforeMethod beforeMethodTest -->
  <testcase classname="utils.BaseTest" name="@AfterMethod afterMethodTest" time="-1.669633270287E9">
    <skipped/>
  </testcase> <!-- @AfterMethod afterMethodTest -->
  <testcase classname="utils.BaseTest" name="@BeforeMethod beforeMethodTest" time="-1.669633270287E9">
    <skipped/>
  </testcase> <!-- @BeforeMethod beforeMethodTest -->
  <testcase classname="utils.BaseTest" name="@AfterMethod afterMethodTest" time="-1.669633270287E9">
    <skipped/>
  </testcase> <!-- @AfterMethod afterMethodTest -->
  <testcase classname="testSuit.DemoTest" name="loadPage" time="0.0">
    <skipped/>
  </testcase> <!-- loadPage -->
  <testcase classname="testSuit.DemoTest" name="signIn" time="0.0">
    <skipped/>
  </testcase> <!-- signIn -->
</testsuite> <!-- Command line test -->
